<?xml version="1.0" encoding="UTF-8"?>
<testsuite xmlns:xsi="http://www.w3.org/2001/XMLSchema-instance" xsi:noNamespaceSchemaLocation="https://maven.apache.org/surefire/maven-surefire-plugin/xsd/surefire-test-report.xsd" name="org.andres.junit5app.ejemplo.models.CuentaTest" time="7.813" tests="57" errors="7" skipped="4" failures="1">
  <properties>
[...]
</properties>
  <testcase name="testSaldoCuentaDev" classname="org.andres.junit5app.ejemplo.models.CuentaTest" time="0">
    <skipped message="Assumption failed: assumption is not true" type="org.opentest4j.TestAbortedException">org.opentest4j.TestAbortedException: Assumption failed: assumption is not true
	at org.andres.junit5app.ejemplo.models.CuentaTest.testSaldoCuentaDev(CuentaTest.java:235)
</skipped>
    <system-out><![CDATA[Inicializando el test
Iniciando el metodo
Finalizando el metodo
]]></system-out>
  </testcase>
  <testcase name="testSaldoCuentaDev2" classname="org.andres.junit5app.ejemplo.models.CuentaTest" time="0.006"/>
  <testcase name="testDebitoCuentaMethodSource{String}[1]" classname="org.andres.junit5app.ejemplo.models.CuentaTest" time="0.041"/>
  <testcase name="testDebitoCuentaMethodSource{String}[2]" classname="org.andres.junit5app.ejemplo.models.CuentaTest" time="0.005"/>
  <testcase name="testDebitoCuentaMethodSource{String}[3]" classname="org.andres.junit5app.ejemplo.models.CuentaTest" time="0.002"/>
  <testcase name="testDebitoCuentaMethodSource{String}[4]" classname="org.andres.junit5app.ejemplo.models.CuentaTest" time="0.003"/>
  <testcase name="testDebitoCuentaMethodSource{String}[5]" classname="org.andres.junit5app.ejemplo.models.CuentaTest" time="0.004"/>
  <testcase name="testDebitoCuentaMethodSource{String}[6]" classname="org.andres.junit5app.ejemplo.models.CuentaTest" time="0.008">
    <error message="Dinero Insuficiente" type="org.andres.junit5app.ejemplo.exceptions.DineroInsuficienteException">org.andres.junit5app.ejemplo.exceptions.DineroInsuficienteException: Dinero Insuficiente
	at org.andres.junit5app.ejemplo.models.CuentaTest.testDebitoCuentaMethodSource(CuentaTest.java:271)
</error>
    <system-out><![CDATA[Iniciando el metodo
Finalizando el metodo
]]></system-out>
  </testcase>
  <testcase name="testDebitoCuentaRepetir{RepetitionInfo}[1]" classname="org.andres.junit5app.ejemplo.models.CuentaTest" time="0.007"/>
  <testcase name="testDebitoCuentaRepetir{RepetitionInfo}[2]" classname="org.andres.junit5app.ejemplo.models.CuentaTest" time="0.005"/>
  <testcase name="testDebitoCuentaRepetir{RepetitionInfo}[3]" classname="org.andres.junit5app.ejemplo.models.CuentaTest" time="0.011"/>
  <testcase name="testDebitoCuentaRepetir{RepetitionInfo}[4]" classname="org.andres.junit5app.ejemplo.models.CuentaTest" time="0.004"/>
  <testcase name="testDebitoCuentaRepetir{RepetitionInfo}[5]" classname="org.andres.junit5app.ejemplo.models.CuentaTest" time="0.003"/>
  <testcase name="pruebaTimeOut2" classname="org.andres.junit5app.ejemplo.models.CuentaTest$timeOutTest" time="1.011">
    <error message="pruebaTimeOut2() timed out after 1000 milliseconds" type="java.util.concurrent.TimeoutException">java.util.concurrent.TimeoutException: pruebaTimeOut2() timed out after 1000 milliseconds
</error>
    <system-out><![CDATA[Iniciando el metodo
Finalizando el metodo
]]></system-out>
  </testcase>
  <testcase name="pruebaTimeOut3" classname="org.andres.junit5app.ejemplo.models.CuentaTest$timeOutTest" time="5.006"/>
  <testcase name="pruebaTimeOut" classname="org.andres.junit5app.ejemplo.models.CuentaTest$timeOutTest" time="1.005"/>
  <testcase name="testDebitoCuentaCsvSource2{String, String}[1]" classname="org.andres.junit5app.ejemplo.models.CuentaTest$PruebasParametrizadastest" time="0.015"/>
  <testcase name="testDebitoCuentaCsvSource2{String, String}[2]" classname="org.andres.junit5app.ejemplo.models.CuentaTest$PruebasParametrizadastest" time="0.001"/>
  <testcase name="testDebitoCuentaCsvSource2{String, String}[3]" classname="org.andres.junit5app.ejemplo.models.CuentaTest$PruebasParametrizadastest" time="0.003"/>
  <testcase name="testDebitoCuentaCsvSource2{String, String}[4]" classname="org.andres.junit5app.ejemplo.models.CuentaTest$PruebasParametrizadastest" time="0.005">
    <error message="Dinero Insuficiente" type="org.andres.junit5app.ejemplo.exceptions.DineroInsuficienteException">org.andres.junit5app.ejemplo.exceptions.DineroInsuficienteException: Dinero Insuficiente
	at org.andres.junit5app.ejemplo.models.CuentaTest$PruebasParametrizadastest.testDebitoCuentaCsvSource2(CuentaTest.java:325)
</error>
    <system-out><![CDATA[Iniciando el metodo
Iniciando el metodo
400 -> 700
Finalizando el metodo
Finalizando el metodo
]]></system-out>
  </testcase>
  <testcase name="testDebitoCuentaCsvSource2{String, String}[5]" classname="org.andres.junit5app.ejemplo.models.CuentaTest$PruebasParametrizadastest" time="0.005">
    <error message="Dinero Insuficiente" type="org.andres.junit5app.ejemplo.exceptions.DineroInsuficienteException">org.andres.junit5app.ejemplo.exceptions.DineroInsuficienteException: Dinero Insuficiente
	at org.andres.junit5app.ejemplo.models.CuentaTest$PruebasParametrizadastest.testDebitoCuentaCsvSource2(CuentaTest.java:325)
</error>
    <system-out><![CDATA[Iniciando el metodo
Iniciando el metodo
577 -> 1000
Finalizando el metodo
Finalizando el metodo
]]></system-out>
  </testcase>
  <testcase name="testDebitoCuentaCsvSource2{String, String}[6]" classname="org.andres.junit5app.ejemplo.models.CuentaTest$PruebasParametrizadastest" time="0.002">
    <failure message="expected: &lt;true&gt; but was: &lt;false&gt;" type="org.opentest4j.AssertionFailedError"><![CDATA[org.opentest4j.AssertionFailedError: expected: <true> but was: <false>
	at org.andres.junit5app.ejemplo.models.CuentaTest$PruebasParametrizadastest.testDebitoCuentaCsvSource2(CuentaTest.java:327)
]]></failure>
    <system-out><![CDATA[Iniciando el metodo
Iniciando el metodo
5000 -> 5000
Finalizando el metodo
Finalizando el metodo
]]></system-out>
  </testcase>
  <testcase name="testDebitoCuentaCsvSource{String, String}[1]" classname="org.andres.junit5app.ejemplo.models.CuentaTest$PruebasParametrizadastest" time="0.003"/>
  <testcase name="testDebitoCuentaCsvSource{String, String}[2]" classname="org.andres.junit5app.ejemplo.models.CuentaTest$PruebasParametrizadastest" time="0.015"/>
  <testcase name="testDebitoCuentaCsvSource{String, String}[3]" classname="org.andres.junit5app.ejemplo.models.CuentaTest$PruebasParametrizadastest" time="0.004"/>
  <testcase name="testDebitoCuentaCsvSource{String, String}[4]" classname="org.andres.junit5app.ejemplo.models.CuentaTest$PruebasParametrizadastest" time="0.004"/>
  <testcase name="testDebitoCuentaCsvSource{String, String}[5]" classname="org.andres.junit5app.ejemplo.models.CuentaTest$PruebasParametrizadastest" time="0.008"/>
  <testcase name="testDebitoCuentaCsvSource{String, String}[6]" classname="org.andres.junit5app.ejemplo.models.CuentaTest$PruebasParametrizadastest" time="0.006">
    <error message="Dinero Insuficiente" type="org.andres.junit5app.ejemplo.exceptions.DineroInsuficienteException">org.andres.junit5app.ejemplo.exceptions.DineroInsuficienteException: Dinero Insuficiente
	at org.andres.junit5app.ejemplo.models.CuentaTest$PruebasParametrizadastest.testDebitoCuentaCsvSource(CuentaTest.java:307)
</error>
    <system-out><![CDATA[Iniciando el metodo
Iniciando el metodo
6 -> 5000
Finalizando el metodo
Finalizando el metodo
]]></system-out>
  </testcase>
  <testcase name="testDebitoCuentaCsvFileSource{String}[1]" classname="org.andres.junit5app.ejemplo.models.CuentaTest$PruebasParametrizadastest" time="0.007"/>
  <testcase name="testDebitoCuentaCsvFileSource{String}[2]" classname="org.andres.junit5app.ejemplo.models.CuentaTest$PruebasParametrizadastest" time="0.005"/>
  <testcase name="testDebitoCuentaCsvFileSource{String}[3]" classname="org.andres.junit5app.ejemplo.models.CuentaTest$PruebasParametrizadastest" time="0.005"/>
  <testcase name="testDebitoCuentaCsvFileSource{String}[4]" classname="org.andres.junit5app.ejemplo.models.CuentaTest$PruebasParametrizadastest" time="0.005">
    <error message="Dinero Insuficiente" type="org.andres.junit5app.ejemplo.exceptions.DineroInsuficienteException">org.andres.junit5app.ejemplo.exceptions.DineroInsuficienteException: Dinero Insuficiente
	at org.andres.junit5app.ejemplo.models.CuentaTest$PruebasParametrizadastest.testDebitoCuentaCsvFileSource(CuentaTest.java:315)
</error>
    <system-out><![CDATA[Iniciando el metodo
Iniciando el metodo
Finalizando el metodo
Finalizando el metodo
]]></system-out>
  </testcase>
  <testcase name="testDebitoCuentaCsvFileSource{String}[5]" classname="org.andres.junit5app.ejemplo.models.CuentaTest$PruebasParametrizadastest" time="0.002"/>
  <testcase name="testDebitoCuentaCsvFileSource{String}[6]" classname="org.andres.junit5app.ejemplo.models.CuentaTest$PruebasParametrizadastest" time="0.003"/>
  <testcase name="testDebitoCuentaValueSource{String}[1]" classname="org.andres.junit5app.ejemplo.models.CuentaTest$PruebasParametrizadastest" time="0.002"/>
  <testcase name="testDebitoCuentaValueSource{String}[2]" classname="org.andres.junit5app.ejemplo.models.CuentaTest$PruebasParametrizadastest" time="0.004"/>
  <testcase name="testDebitoCuentaValueSource{String}[3]" classname="org.andres.junit5app.ejemplo.models.CuentaTest$PruebasParametrizadastest" time="0.002"/>
  <testcase name="testDebitoCuentaValueSource{String}[4]" classname="org.andres.junit5app.ejemplo.models.CuentaTest$PruebasParametrizadastest" time="0.003"/>
  <testcase name="testDebitoCuentaValueSource{String}[5]" classname="org.andres.junit5app.ejemplo.models.CuentaTest$PruebasParametrizadastest" time="0.002"/>
  <testcase name="testDebitoCuentaValueSource{String}[6]" classname="org.andres.junit5app.ejemplo.models.CuentaTest$PruebasParametrizadastest" time="0.007">
    <error message="Dinero Insuficiente" type="org.andres.junit5app.ejemplo.exceptions.DineroInsuficienteException">org.andres.junit5app.ejemplo.exceptions.DineroInsuficienteException: Dinero Insuficiente
	at org.andres.junit5app.ejemplo.models.CuentaTest$PruebasParametrizadastest.testDebitoCuentaValueSource(CuentaTest.java:297)
</error>
    <system-out><![CDATA[Iniciando el metodo
Iniciando el metodo
Finalizando el metodo
Finalizando el metodo
]]></system-out>
  </testcase>
  <testcase name="testEnv" classname="org.andres.junit5app.ejemplo.models.CuentaTest$EnvironmentVarabletest" time="0">
    <skipped message="Environment variable [ENVIRONMENT] does not exist"/>
  </testcase>
  <testcase name="testJavaHome" classname="org.andres.junit5app.ejemplo.models.CuentaTest$EnvironmentVarabletest" time="0.006"/>
  <testcase name="imprimirVariablesAmbiente" classname="org.andres.junit5app.ejemplo.models.CuentaTest$EnvironmentVarabletest" time="0.123"/>
  <testcase name="testJavaVersion" classname="org.andres.junit5app.ejemplo.models.CuentaTest$SystemPropertiestest" time="0"/>
  <testcase name="imprimirSystemProperties" classname="org.andres.junit5app.ejemplo.models.CuentaTest$SystemPropertiestest" time="0.104"/>
  <testcase name="testSoloJdk8" classname="org.andres.junit5app.ejemplo.models.CuentaTest$JavaVersionTest" time="0">
    <skipped message="Disabled on JRE version: 11.0.10"/>
  </testcase>
  <testcase name="testNoWindows" classname="org.andres.junit5app.ejemplo.models.CuentaTest$SistemaOperativoTest" time="0.001"/>
  <testcase name="testSoloLinuxMac" classname="org.andres.junit5app.ejemplo.models.CuentaTest$SistemaOperativoTest" time="0.002"/>
  <testcase name="testSoloWindows" classname="org.andres.junit5app.ejemplo.models.CuentaTest$SistemaOperativoTest" time="0">
    <skipped message="Disabled on operating system: Linux"/>
  </testcase>
  <testcase name="testCreditoCuenta" classname="org.andres.junit5app.ejemplo.models.CuentaTest$CuantasOperacionesBanco" time="0"/>
  <testcase name="testDebitoCuenta" classname="org.andres.junit5app.ejemplo.models.CuentaTest$CuantasOperacionesBanco" time="0.001"/>
  <testcase name="testTransferirDineroCuentas" classname="org.andres.junit5app.ejemplo.models.CuentaTest$CuantasOperacionesBanco" time="0"/>
  <testcase name="testRelacionBancoCuentas" classname="org.andres.junit5app.ejemplo.models.CuentaTest$CuantasOperacionesBanco" time="0.001"/>
  <testcase name="testDineroInsuficienteException" classname="org.andres.junit5app.ejemplo.models.CuentaTest$CuantasOperacionesBanco" time="0.002"/>
  <testcase name="testSaldoCuenta" classname="org.andres.junit5app.ejemplo.models.CuentaTest$CuentaNombreYSaldo" time="0"/>
  <testcase name="testReferenciaDeCuenta" classname="org.andres.junit5app.ejemplo.models.CuentaTest$CuentaNombreYSaldo" time="0"/>
  <testcase name="testNombreCuenta" classname="org.andres.junit5app.ejemplo.models.CuentaTest$CuentaNombreYSaldo" time="0.001"/>
</testsuite>